"../../../../../../UnrealProjects/VoiceTest/Content/FirstPerson/Character/Mesh/SK_Mannequin_Arms_Skeleton.uasset" 0
"../../../../../../UnrealProjects/VoiceTest/Content/FirstPerson/Animations/FirstPerson_Idle.uasset" 1
"../../../../../../UnrealProjects/VoiceTest/Content/FirstPerson/Animations/FirstPerson_JumpEnd.uasset" 2
"../../../../../../UnrealProjects/VoiceTest/Content/FirstPerson/Animations/FirstPerson_JumpLoop.uasset" 3
"../../../../../../UnrealProjects/VoiceTest/Content/FirstPerson/Animations/FirstPerson_JumpStart.uasset" 4
"../../../../../../UnrealProjects/VoiceTest/Content/FirstPerson/Animations/FirstPerson_Run.uasset" 5
"../../../Engine/Content/EditorBlueprintResources/StandardMacros.uasset" 6
"../../../../../../UnrealProjects/VoiceTest/Content/FirstPerson/Animations/FirstPerson_AnimBP.uasset" 7
"../../../../../../UnrealProjects/VoiceTest/Content/FirstPerson/Character/Mesh/FirstPersonAnimBlueprint_Copy.uasset" 8
"../../../../../../UnrealProjects/VoiceTest/Content/FirstPerson/Character/Textures/UE4_LOGO_CARD.uasset" 9
"../../../../../../UnrealProjects/VoiceTest/Content/FirstPerson/FPWeapon/Materials/MaterialLayers/ML_Plastic_Shiny_Beige_LOGO.uasset" 10
"../../../../../../UnrealProjects/VoiceTest/Content/FirstPerson/FPWeapon/Materials/MaterialLayers/T_ML_FineRubber.uasset" 11
"../../../../../../UnrealProjects/VoiceTest/Content/FirstPerson/FPWeapon/Mesh/SK_FPGun_PhysicsAsset.uasset" 12
"../../../../../../UnrealProjects/VoiceTest/Content/FirstPersonBP/FirstPersonOverview.uasset" 13
"../../../../../../UnrealProjects/VoiceTest/Content/FirstPersonBP/Maps/FirstPersonExampleMap_BuiltData.uasset" 14
"../../../../../../UnrealProjects/VoiceTest/Content/Geometry/Meshes/CubeMaterial.uasset" 15
"../../../../../../UnrealProjects/VoiceTest/Content/Geometry/Meshes/1M_Cube_Chamfer.uasset" 16
"../../../../../../UnrealProjects/VoiceTest/Content/Geometry/Meshes/TemplateFloor.uasset" 17
"../../../../../../UnrealProjects/VoiceTest/Content/StarterContent/Materials/M_Basic_Wall.uasset" 18
"../../../../../../UnrealProjects/VoiceTest/Content/StarterContent/Architecture/Pillar_50x500.uasset" 19
"../../../../../../UnrealProjects/VoiceTest/Content/StarterContent/Architecture/Wall_400x300.uasset" 20
"../../../../../../UnrealProjects/VoiceTest/Content/StarterContent/Architecture/Wall_400x400.uasset" 21
"../../../../../../UnrealProjects/VoiceTest/Content/StarterContent/Architecture/Wall_500x500.uasset" 22
"../../../../../../UnrealProjects/VoiceTest/Content/StarterContent/Architecture/Wall_Door_400x400.uasset" 23
"../../../../../../UnrealProjects/VoiceTest/Content/StarterContent/Architecture/Wall_Window_400x400.uasset" 24
"../../../../../../UnrealProjects/VoiceTest/Content/StarterContent/Audio/Collapse01.uasset" 25
"../../../../../../UnrealProjects/VoiceTest/Content/StarterContent/Audio/Collapse02.uasset" 26
"../../../../../../UnrealProjects/VoiceTest/Content/StarterContent/Audio/Explosion01.uasset" 27
"../../../../../../UnrealProjects/VoiceTest/Content/StarterContent/Audio/Explosion02.uasset" 28
"../../../../../../UnrealProjects/VoiceTest/Content/StarterContent/Audio/Fire01.uasset" 29
"../../../../../../UnrealProjects/VoiceTest/Content/StarterContent/Audio/Fire_Sparks01.uasset" 30
"../../../../../../UnrealProjects/VoiceTest/Content/StarterContent/Audio/Light01.uasset" 31
"../../../../../../UnrealProjects/VoiceTest/Content/StarterContent/Audio/Light01_Cue.uasset" 32
"../../../../../../UnrealProjects/VoiceTest/Content/StarterContent/Audio/Light02.uasset" 33
"../../../../../../UnrealProjects/VoiceTest/Content/StarterContent/Audio/Light02_Cue.uasset" 34
"../../../../../../UnrealProjects/VoiceTest/Content/StarterContent/Audio/Smoke01.uasset" 35
"../../../../../../UnrealProjects/VoiceTest/Content/StarterContent/Audio/Starter_Birds01.uasset" 36
"../../../../../../UnrealProjects/VoiceTest/Content/StarterContent/Audio/Starter_Music01.uasset" 37
"../../../../../../UnrealProjects/VoiceTest/Content/StarterContent/Audio/Starter_Wind05.uasset" 38
"../../../../../../UnrealProjects/VoiceTest/Content/StarterContent/Audio/Starter_Wind06.uasset" 39
"../../../../../../UnrealProjects/VoiceTest/Content/StarterContent/Audio/Steam01.uasset" 40
"../../../../../../UnrealProjects/VoiceTest/Content/StarterContent/Audio/Explosion_Cue.uasset" 41
"../../../../../../UnrealProjects/VoiceTest/Content/StarterContent/Textures/T_Burst_M.uasset" 42
"../../../../../../UnrealProjects/VoiceTest/Content/StarterContent/Particles/Materials/M_Burst.uasset" 43
"../../../../../../UnrealProjects/VoiceTest/Content/StarterContent/Textures/T_Explosion_SubUV.uasset" 44
"../../../../../../UnrealProjects/VoiceTest/Content/StarterContent/Particles/Materials/M_explosion_subUV.uasset" 45
"../../../../../../UnrealProjects/VoiceTest/Content/StarterContent/Particles/Materials/m_flare_01.uasset" 46
"../../../Engine/Content/Functions/Engine_MaterialFunctions01/Gradient/RadialGradient.uasset" 47
"../../../../../../UnrealProjects/VoiceTest/Content/StarterContent/Particles/Materials/M_radial_ramp.uasset" 48
"../../../../../../UnrealProjects/VoiceTest/Content/StarterContent/Textures/T_Smoke_SubUV.uasset" 49
"../../../../../../UnrealProjects/VoiceTest/Content/StarterContent/Textures/T_Smoke_Tiled_D.uasset" 50
"../../../../../../UnrealProjects/VoiceTest/Content/StarterContent/Particles/Materials/M_smoke_subUV.uasset" 51
"../../../../../../UnrealProjects/VoiceTest/Content/StarterContent/Particles/P_Explosion.uasset" 52
"../../../../../../UnrealProjects/VoiceTest/Content/StarterContent/Blueprints/Blueprint_Effect_Explosion.uasset" 53
"../../../Engine/Content/EditorMeshes/ColorCalibrator/T_ColorGrid.uasset" 54
"../../../../../../UnrealProjects/VoiceTest/Content/StarterContent/Materials/M_ColorGrid_LowSpec.uasset" 55
"../../../../../../UnrealProjects/VoiceTest/Content/StarterContent/Textures/T_Bush_D.uasset" 56
"../../../../../../UnrealProjects/VoiceTest/Content/StarterContent/Textures/T_Bush_N.uasset" 57
"../../../../../../UnrealProjects/VoiceTest/Content/StarterContent/Props/Materials/M_Bush.uasset" 58
"../../../../../../UnrealProjects/VoiceTest/Content/StarterContent/Props/SM_Bush.uasset" 59
"../../../../../../UnrealProjects/VoiceTest/Content/StarterContent/Textures/T_Chair_M.uasset" 60
"../../../../../../UnrealProjects/VoiceTest/Content/StarterContent/Textures/T_Chair_N.uasset" 61
"../../../../../../UnrealProjects/VoiceTest/Content/StarterContent/Props/Materials/M_Chair.uasset" 62
"../../../../../../UnrealProjects/VoiceTest/Content/StarterContent/Props/SM_Couch.uasset" 63
"../../../../../../UnrealProjects/VoiceTest/Content/StarterContent/Materials/M_Glass.uasset" 64
"../../../../../../UnrealProjects/VoiceTest/Content/StarterContent/Textures/T_Door_M.uasset" 65
"../../../../../../UnrealProjects/VoiceTest/Content/StarterContent/Textures/T_Door_N.uasset" 66
"../../../../../../UnrealProjects/VoiceTest/Content/StarterContent/Props/Materials/M_Door.uasset" 67
"../../../../../../UnrealProjects/VoiceTest/Content/StarterContent/Props/SM_Door.uasset" 68
"../../../../../../UnrealProjects/VoiceTest/Content/StarterContent/Props/Materials/M_MaterialSphere.uasset" 69
"../../../../../../UnrealProjects/VoiceTest/Content/StarterContent/Props/Materials/M_MaterialSphere_Plain.uasset" 70
"../../../../../../UnrealProjects/VoiceTest/Content/StarterContent/Props/SM_MatPreviewMesh_02.uasset" 71
"../../../Engine/Content/Functions/Engine_MaterialFunctions02/Utility/BlendAngleCorrectedNormals.uasset" 72
"../../../../../../UnrealProjects/VoiceTest/Content/StarterContent/Textures/T_Detail_Rocky_N.uasset" 73
"../../../../../../UnrealProjects/VoiceTest/Content/StarterContent/Textures/T_Rock_Basalt_D.uasset" 74
"../../../../../../UnrealProjects/VoiceTest/Content/StarterContent/Textures/T_RockMesh_M.uasset" 75
"../../../../../../UnrealProjects/VoiceTest/Content/StarterContent/Textures/T_RockMesh_N.uasset" 76
"../../../../../../UnrealProjects/VoiceTest/Content/StarterContent/Props/Materials/M_Rock.uasset" 77
"../../../../../../UnrealProjects/VoiceTest/Content/StarterContent/Props/SM_Rock.uasset" 78
"../../../../../../UnrealProjects/VoiceTest/Content/StarterContent/Textures/T_Shelf_M.uasset" 79
"../../../../../../UnrealProjects/VoiceTest/Content/StarterContent/Textures/T_Shelf_N.uasset" 80
"../../../../../../UnrealProjects/VoiceTest/Content/StarterContent/Props/Materials/M_Shelf.uasset" 81
"../../../../../../UnrealProjects/VoiceTest/Content/StarterContent/Props/SM_Shelf.uasset" 82
"../../../../../../UnrealProjects/VoiceTest/Content/StarterContent/Materials/M_Basic_Floor.uasset" 83
"../../../../../../UnrealProjects/VoiceTest/Content/StarterContent/Props/SM_Stairs.uasset" 84
"../../../../../../UnrealProjects/VoiceTest/Content/StarterContent/Shapes/Shape_Cone.uasset" 85
"../../../../../../UnrealProjects/VoiceTest/Content/StarterContent/Shapes/Shape_Cylinder.uasset" 86
"../../../../../../UnrealProjects/VoiceTest/Content/StarterContent/Shapes/Shape_NarrowCapsule.uasset" 87
"../../../../../../UnrealProjects/VoiceTest/Content/StarterContent/Shapes/Shape_Pipe.uasset" 88
"../../../../../../UnrealProjects/VoiceTest/Content/StarterContent/Shapes/Shape_Pipe_180.uasset" 89
"../../../../../../UnrealProjects/VoiceTest/Content/StarterContent/Shapes/Shape_Pipe_90.uasset" 90
"../../../../../../UnrealProjects/VoiceTest/Content/StarterContent/Shapes/Shape_Plane.uasset" 91
"../../../../../../UnrealProjects/VoiceTest/Content/StarterContent/Shapes/Shape_Torus.uasset" 92
"../../../../../../UnrealProjects/VoiceTest/Content/StarterContent/Shapes/Shape_Trim.uasset" 93
"../../../../../../UnrealProjects/VoiceTest/Content/StarterContent/Shapes/Shape_Trim_90_In.uasset" 94
"../../../../../../UnrealProjects/VoiceTest/Content/StarterContent/Shapes/Shape_Trim_90_Out.uasset" 95
"../../../../../../UnrealProjects/VoiceTest/Content/StarterContent/Shapes/Shape_TriPyramid.uasset" 96
"../../../../../../UnrealProjects/VoiceTest/Content/StarterContent/Shapes/Shape_Tube.uasset" 97
"../../../../../../UnrealProjects/VoiceTest/Content/StarterContent/Shapes/Shape_Wedge_A.uasset" 98
"../../../../../../UnrealProjects/VoiceTest/Content/StarterContent/Shapes/Shape_Wedge_B.uasset" 99
"../../../../../../UnrealProjects/VoiceTest/Content/StarterContent/Shapes/Shape_WideCapsule.uasset" 100
"../../../Engine/Content/Animation/DefaultAnimCurveCompressionSettings.uasset" 101
"../../../Engine/Content/Functions/Engine_MaterialFunctions01/Opacity/CameraDepthFade.uasset" 102
"../../../Engine/Content/EngineMaterials/T_Default_Material_Grid_M.uasset" 103
"../../../Engine/Content/EngineMaterials/T_Default_Material_Grid_N.uasset" 104
"../../../Engine/Content/EngineMaterials/WorldGridMaterial.uasset" 105
"../../../Engine/Content/ArtTools/RenderToTexture/Meshes/S_1_Unit_Plane.uasset" 106
"../../../Engine/Content/EngineMaterials/DefaultMaterial.uasset" 107
"../../../Engine/Content/BasicShapes/Cone.uasset" 108
"../../../Engine/Content/BasicShapes/Cylinder.uasset" 109
"../../../Engine/Content/BasicShapes/Plane.uasset" 110
"../../../Engine/Content/BasicShapes/Sphere.uasset" 111
"../../../Engine/Content/EditorLandscapeResources/DataLayer.uasset" 112
"../../../Engine/Content/EditorMaterials/GizmoMaterial.uasset" 113
"../../../Engine/Content/EditorMaterials/MAT_Groups_Toggle.uasset" 114
"../../../Engine/Content/EditorMaterials/MAT_Groups_Visibility.uasset" 115
"../../../Engine/Content/EditorMaterials/PreviewShadowIndicator.uasset" 116
"../../../Engine/Content/EditorMaterials/PreviewShadowIndicatorMaterial.uasset" 117
"../../../Engine/Content/EditorMaterials/MatineeGroups/MAT_ColorTrack.uasset" 118
"../../../Engine/Content/EditorMaterials/MatineeGroups/MAT_Groups_Anim.uasset" 119
"../../../Engine/Content/EditorMaterials/MatineeGroups/MAT_Groups_AudioMaster.uasset" 120
"../../../Engine/Content/EditorMaterials/MatineeGroups/MAT_Groups_Director.uasset" 121
"../../../Engine/Content/EditorMaterials/MatineeGroups/MAT_Groups_Event.uasset" 122
"../../../Engine/Content/EditorMaterials/MatineeGroups/MAT_Groups_Fade.uasset" 123
"../../../Engine/Content/EditorMaterials/MatineeGroups/MAT_Groups_Float.uasset" 124
"../../../Engine/Content/EditorMaterials/MatineeGroups/MAT_Groups_Move.uasset" 125
"../../../Engine/Content/EditorMaterials/MatineeGroups/MAT_Groups_Slomo.uasset" 126
"../../../Engine/Content/EditorMaterials/MatineeGroups/MAT_Groups_Sound.uasset" 127
"../../../Engine/Content/EditorMaterials/MatineeGroups/MAT_Groups_Vector.uasset" 128
"../../../Engine/Content/EditorMaterials/ParticleSystems/PSysThumbnail_NoImage.uasset" 129
"../../../Engine/Content/EditorMaterials/ParticleSystems/PSysThumbnail_OOD.uasset" 130
"../../../Engine/Content/EditorMaterials/Camera/CineMat.uasset" 131
"../../../Engine/Content/EditorMaterials/Camera/MI_CineMat_Rig.uasset" 132
"../../../Engine/Content/EditorMeshes/Camera/SM_CraneRig_Arm.uasset" 133
"../../../Engine/Content/EditorMeshes/Camera/SM_CraneRig_Base.uasset" 134
"../../../Engine/Content/EditorMeshes/Camera/SM_CraneRig_Body.uasset" 135
"../../../Engine/Content/EditorMeshes/Camera/SM_CraneRig_Mount.uasset" 136
"../../../Engine/Content/EditorMeshes/Camera/SM_RailRig_Mount.uasset" 137
"../../../Engine/Content/EditorMeshes/Camera/SM_RailRig_Track.uasset" 138
"../../../Engine/Content/EditorResources/BSPVertex.uasset" 139
"../../../Engine/Content/EditorResources/EmptyActor.uasset" 140
"../../../Engine/Content/EditorResources/S_Actor.uasset" 141
"../../../Engine/Content/EditorResources/S_Note.uasset" 142
"../../../Engine/Content/EditorResources/S_Solver.uasset" 143
"../../../Engine/Content/EditorResources/S_Trigger.uasset" 144
"../../../Engine/Content/EditorResources/AudioIcons/S_AudioComponent.uasset" 145
"../../../Engine/Content/EditorResources/AudioIcons/S_AudioComponent_AutoActivate.uasset" 146
"../../../Engine/Content/EditorResources/LightIcons/S_LightError.uasset" 147
"../../../Engine/Content/EditorResources/SequenceRecorder/Countdown.uasset" 148
"../../../Engine/Content/EditorResources/SequenceRecorder/RecordingIndicator.uasset" 149
"../../../Engine/Content/EditorSounds/Notifications/CompileFailed.uasset" 150
"../../../Engine/Content/EditorSounds/Notifications/CompileFailed_Cue.uasset" 151
"../../../Engine/Content/EditorSounds/Notifications/CompileSuccess.uasset" 152
"../../../Engine/Content/EditorSounds/Notifications/CompileStart_Cue.uasset" 153
"../../../Engine/Content/EditorSounds/Notifications/CompileSuccess_Cue.uasset" 154
"../../../Engine/Content/EngineDamageTypes/DmgTypeBP_Environmental.uasset" 155
"../../../Engine/Content/EngineDebugMaterials/HeatmapGradient.uasset" 156
"../../../Engine/Content/EngineDebugMaterials/BoneWeightMaterial.uasset" 157
"../../../Engine/Content/EngineDebugMaterials/ClothMaterial.uasset" 158
"../../../Engine/Content/EngineDebugMaterials/ClothMaterial_WF.uasset" 159
"../../../Engine/Content/EngineDebugMaterials/DebugEditorMaterial.uasset" 160
"../../../Engine/Content/EngineDebugMaterials/DebugMeshMaterial.uasset" 161
"../../../Engine/Content/EngineDebugMaterials/GeomMaterial.uasset" 162
"../../../Engine/Content/EngineDebugMaterials/M_SimpleTranslucent.uasset" 163
"../../../Engine/Content/Functions/Engine_MaterialFunctions02/Utility/CameraDirectionVector.uasset" 164
"../../../Engine/Content/EngineDebugMaterials/VolumeToRender.uasset" 165
"../../../Engine/Content/EngineDebugMaterials/M_VolumeRenderSphereTracePP.uasset" 166
"../../../Engine/Content/EngineDebugMaterials/WireframeMaterial.uasset" 167
"../../../Engine/Content/EngineFonts/Faces/RobotoBold.uasset" 168
"../../../Engine/Content/EngineFonts/Faces/RobotoBoldItalic.uasset" 169
"../../../Engine/Content/EngineFonts/Faces/RobotoItalic.uasset" 170
"../../../Engine/Content/EngineFonts/Faces/RobotoLight.uasset" 171
"../../../Engine/Content/EngineFonts/Faces/RobotoRegular.uasset" 172
"../../../Engine/Content/EngineFonts/Roboto.uasset" 173
"../../../Engine/Content/EngineFonts/Faces/RobotoTiny.uasset" 174
"../../../Engine/Content/EngineFonts/RobotoTiny.uasset" 175
"../../../Engine/Content/EngineMaterials/BaseFlattenDiffuseMap.uasset" 176
"../../../Engine/Content/EngineMaterials/BaseFlattenEmissiveMap.uasset" 177
"../../../Engine/Content/EngineMaterials/BaseFlattenGrayscaleMap.uasset" 178
"../../../Engine/Content/EngineMaterials/BaseFlattenNormalMap.uasset" 179
"../../../Engine/Content/EngineMaterials/BaseFlattenMaterial.uasset" 180
"../../../Engine/Content/EngineMaterials/BlueNoise.uasset" 181
"../../../Engine/Content/EngineMaterials/DefaultBloomKernel.uasset" 182
"../../../Engine/Content/EngineMaterials/DefaultBokeh.uasset" 183
"../../../Engine/Content/EngineMaterials/DefaultDiffuse.uasset" 184
"../../../Engine/Content/EngineMaterials/DefaultDeferredDecalMaterial.uasset" 185
"../../../Engine/Content/EngineMaterials/DefaultLightFunctionMaterial.uasset" 186
"../../../Engine/Content/EngineMaterials/DefaultPhysicalMaterial.uasset" 187
"../../../Engine/Content/Functions/Engine_MaterialFunctions02/Utility/BreakOutFloat2Components.uasset" 188
"../../../Engine/Content/EngineMaterials/DefaultPostProcessMaterial.uasset" 189
"../../../Engine/Content/EngineFonts/RobotoDistanceField.uasset" 190
"../../../Engine/Content/EngineMaterials/DefaultTextMaterialOpaque.uasset" 191
"../../../Engine/Content/EngineMaterials/DefaultVirtualTextureMaterial.uasset" 192
"../../../Engine/Content/EngineMaterials/DefaultWhiteGrid.uasset" 193
"../../../Engine/Content/EngineMaterials/EditorBrushMaterial.uasset" 194
"../../../Engine/Content/EngineMaterials/DefaultWhiteGrid_Low.uasset" 195
"../../../Engine/Content/EngineMaterials/EmissiveMeshMaterial.uasset" 196
"../../../Engine/Content/EngineMaterials/Good64x64TilingNoiseHighFreq.uasset" 197
"../../../Engine/Content/EngineMaterials/MiniFont.uasset" 198
"../../../Engine/Content/EngineMaterials/InvalidLightmapSettings.uasset" 199
"../../../Engine/Content/EngineMaterials/M_InvalidLightmapSettings.uasset" 200
"../../../Engine/Content/Functions/Engine_MaterialFunctions02/WorldPositionOffset/CameraOffset.uasset" 201
"../../../Engine/Content/EngineMaterials/PhAT_JointLimitMaterial.uasset" 202
"../../../Engine/Content/EngineMaterials/PreintegratedSkinBRDF.uasset" 203
"../../../Engine/Content/EngineMaterials/RemoveSurfaceMaterial.uasset" 204
"../../../Engine/Content/EngineMaterials/WeightMapPlaceholderTexture.uasset" 205
"../../../Engine/Content/EngineResources/WhiteSquareTexture.uasset" 206
"../../../Engine/Content/EngineMaterials/Widget3DPassThrough.uasset" 207
"../../../Engine/Content/EngineMaterials/Widget3DPassThrough_Masked.uasset" 208
"../../../Engine/Content/EngineMaterials/Widget3DPassThrough_Opaque.uasset" 209
"../../../Engine/Content/EngineMaterials/Widget3DPassThrough_Masked_OneSided.uasset" 210
"../../../Engine/Content/EngineMaterials/Widget3DPassThrough_Opaque_OneSided.uasset" 211
"../../../Engine/Content/EngineMaterials/Widget3DPassThrough_Translucent.uasset" 212
"../../../Engine/Content/EngineMaterials/Widget3DPassThrough_Translucent_OneSided.uasset" 213
"../../../Engine/Content/EngineMeshes/Cube.uasset" 214
"../../../Engine/Content/EngineMeshes/Cylinder.uasset" 215
"../../../Engine/Content/EngineMeshes/Sphere.uasset" 216
"../../../Engine/Content/EngineResources/Black.uasset" 217
"../../../Engine/Content/EngineResources/DefaultTexture.uasset" 218
"../../../Engine/Content/EngineResources/DefaultTextureCube.uasset" 219
"../../../Engine/Content/EngineResources/DefaultVolumeTexture2D.uasset" 220
"../../../Engine/Content/EngineResources/DefaultVolumeTexture.uasset" 221
"../../../Engine/Content/EngineResources/GradientTexture0.uasset" 222
"../../../Engine/Content/EngineSounds/Master.uasset" 223
"../../../Engine/Content/EngineSounds/Voice.uasset" 224
"../../../Engine/Content/Functions/Engine_MaterialFunctions01/Shading/ConvertFromDiffSpec.uasset" 225
"../../../Engine/Content/Functions/Engine_MaterialFunctions01/Shading/PowerToRoughness.uasset" 226
"../../../Engine/Content/Maps/Templates/Thumbnails/Default.uasset" 227
"../../../Engine/Content/Maps/Templates/Thumbnails/VR-Basic.uasset" 228
"../../../Engine/Content/MobileResources/T_MobileControls_texture.uasset" 229
"../../../Engine/Content/MobileResources/T_MobileMenu2.uasset" 230
"../../../Engine/Content/MobileResources/HUD/AnalogHat.uasset" 231
"../../../Engine/Content/MobileResources/HUD/VirtualJoystick_Background.uasset" 232
"../../../Engine/Content/MobileResources/HUD/VirtualJoystick_Thumb.uasset" 233
"../../../Engine/Content/MobileResources/HUD/DefaultVirtualJoysticks.uasset" 234
"../../../Engine/Content/MobileResources/HUD/LeftVirtualJoystickOnly.uasset" 235
"../../../Engine/Content/MobileResources/HUD/MobileHUDButton1_off.uasset" 236
"../../../Engine/Content/MobileResources/HUD/MobileHUDButton1_on.uasset" 237
"../../../Engine/Content/MobileResources/HUD/MobileHUDButton2_off.uasset" 238
"../../../Engine/Content/MobileResources/HUD/MobileHUDButton2_on.uasset" 239
"../../../Engine/Content/MobileResources/HUD/MobileHUDButton3.uasset" 240
"../../../Engine/Content/MobileResources/HUD/MobileHUDButtonFire.uasset" 241
"../../../Engine/Content/MobileResources/HUD/MobileHUDDirectionPad.uasset" 242
"../../../Engine/Content/MobileResources/HUD/MobileHUDDirectionPad2.uasset" 243
"../../../Engine/Content/MobileResources/HUD/MobileHUDDirectionPad3.uasset" 244
"../../../Engine/Content/MobileResources/HUD/MobileHUDDirectionStick.uasset" 245
"../../../Engine/Content/MobileResources/HUD/T_Castle_ThumbstickInner.uasset" 246
"../../../Engine/Content/MobileResources/HUD/T_Castle_ThumbstickOutter.uasset" 247
"../../../Engine/Content/Tutorial/ContentIntroCurve.uasset" 248
"../../../Engine/Content/Tutorial/Basics/LevelEditorAttract.uasset" 249
"../../../Engine/Content/Tutorial/Basics/TutorialAssets/icon_tab_Levels_40x.uasset" 250
"../../../Engine/Content/Tutorial/Basics/LevelEditorOverview.uasset" 251
"../../../Engine/Content/Tutorial/SubEditors/StaticMeshEditorTutorial.uasset" 252
"../../../Engine/Content/VREditor/LaserPointer/VR_LaserPower_01.uasset" 253
"../../../Engine/Content/VREditor/TransformGizmo/TransformGizmoMaterial.uasset" 254
"../../../Engine/Content/VREditor/TransformGizmo/TranslucentTransformGizmoMaterial.uasset" 255
"../../../Engine/Content/VREditor/TransformGizmo/BoundingBoxCorner.uasset" 256
"../../../Engine/Content/VREditor/TransformGizmo/BoundingBoxEdge.uasset" 257
"../../../Engine/Content/VREditor/TransformGizmo/PlaneTranslationHandle.uasset" 258
"../../../Engine/Content/VREditor/TransformGizmo/Main.uasset" 259
"../../../Engine/Content/VREditor/TransformGizmo/Xray.uasset" 260
"../../../Engine/Content/VREditor/TransformGizmo/SM_Sequencer_Key.uasset" 261
"../../../Engine/Content/VREditor/TransformGizmo/SM_Sequencer_Node.uasset" 262
"../../Plugins/2D/Paper2D/Content/PlaceholderTextures/DummySpriteTexture.uasset" 263
"../../Plugins/2D/Paper2D/Content/DummySprite.uasset" 264
"../../Plugins/2D/Paper2D/Content/DefaultPaperTerrainMaterial.uasset" 265
"../../Plugins/2D/Paper2D/Content/DummySpriteTexture.uasset" 266
"../../Plugins/2D/Paper2D/Content/DefaultSpriteMaterial.uasset" 267
"../../Plugins/2D/Paper2D/Content/MaskedUnlitSpriteMaterial.uasset" 268
"../../Plugins/2D/Paper2D/Content/OpaqueUnlitSpriteMaterial.uasset" 269
"../../../Engine/Content/EngineSky/C_Sky_Cloud_Color.uasset" 270
"../../../Engine/Content/EngineSky/C_Sky_Horizon_Color.uasset" 271
"../../../Engine/Content/EngineSky/C_Sky_Zenith_Color.uasset" 272
"../../../Engine/Content/EngineSky/T_Sky_Blue.uasset" 273
"../../../Engine/Content/EngineSky/T_Sky_Clouds_M.uasset" 274
"../../../Engine/Content/EngineSky/T_Sky_Stars.uasset" 275
"../../../Engine/Content/EngineSky/M_Sky_Panning_Clouds2.uasset" 276
"../../../Engine/Content/EngineSky/SM_SkySphere.uasset" 277
"../../../Engine/Content/EngineSky/BP_Sky_Sphere.uasset" 278
"../../../../../../UnrealProjects/VoiceTest/Content/FirstPerson/Animations/FirstPerson_Fire.uasset" 279
"../../../../../../UnrealProjects/VoiceTest/Content/FirstPerson/Animations/FirstPersonFire_Montage.uasset" 280
"../../../../../../UnrealProjects/VoiceTest/Content/FirstPerson/Meshes/BaseMaterial.uasset" 281
"../../../../../../UnrealProjects/VoiceTest/Content/FirstPerson/Meshes/FirstPersonProjectileMaterial.uasset" 282
"../../../../../../UnrealProjects/VoiceTest/Content/FirstPerson/Meshes/FirstPersonProjectileMesh.uasset" 283
"../../../../../../UnrealProjects/VoiceTest/Content/FirstPersonBP/Blueprints/FirstPersonProjectile.uasset" 284
"../../../../../../UnrealProjects/VoiceTest/Content/FirstPerson/Audio/FirstPersonTemplateWeaponFire02.uasset" 285
"../../../Engine/Content/Functions/MaterialLayerFunctions/MatLayerBlend_NormalBlend.uasset" 286
"../../../Engine/Content/Functions/MaterialLayerFunctions/MatLayerBlend_Simple.uasset" 287
"../../../../../../UnrealProjects/VoiceTest/Content/FirstPerson/Character/Materials/MaterialLayers/T_ML_Rubber_Blue_01_D.uasset" 288
"../../../../../../UnrealProjects/VoiceTest/Content/FirstPerson/Character/Materials/MaterialLayers/T_ML_Rubber_Blue_01_N.uasset" 289
"../../../../../../UnrealProjects/VoiceTest/Content/FirstPerson/Character/Materials/MaterialLayers/ML_GlossyBlack_Latex_UE4.uasset" 290
"../../../../../../UnrealProjects/VoiceTest/Content/FirstPerson/Character/Materials/MaterialLayers/ML_Plastic_Shiny_Beige.uasset" 291
"../../../../../../UnrealProjects/VoiceTest/Content/FirstPerson/Character/Materials/MaterialLayers/ML_Plastic_Shiny_Beige_LOGO.uasset" 292
"../../../../../../UnrealProjects/VoiceTest/Content/FirstPerson/Character/Materials/MaterialLayers/T_ML_Aluminum01.uasset" 293
"../../../../../../UnrealProjects/VoiceTest/Content/FirstPerson/Character/Materials/MaterialLayers/T_ML_Aluminum01_N.uasset" 294
"../../../../../../UnrealProjects/VoiceTest/Content/FirstPerson/Character/Materials/MaterialLayers/ML_SoftMetal_UE4.uasset" 295
"../../../../../../UnrealProjects/VoiceTest/Content/FirstPerson/Character/Textures/UE4_Mannequin__normals.uasset" 296
"../../../../../../UnrealProjects/VoiceTest/Content/FirstPerson/Character/Textures/UE4_Mannequin_MAT_MASKA.uasset" 297
"../../../../../../UnrealProjects/VoiceTest/Content/FirstPerson/Character/Materials/M_UE4Man_Body.uasset" 298
"../../../../../../UnrealProjects/VoiceTest/Content/FirstPerson/Character/Mesh/SK_Mannequin_Arms_PhysicsAsset.uasset" 299
"../../../../../../UnrealProjects/VoiceTest/Content/FirstPerson/Character/Mesh/SK_Mannequin_Arms.uasset" 300
"../../../../../../UnrealProjects/VoiceTest/Content/FirstPerson/FPWeapon/Materials/MaterialLayers/T_ML_Rubber_Blue_01_D.uasset" 301
"../../../../../../UnrealProjects/VoiceTest/Content/FirstPerson/FPWeapon/Materials/MaterialLayers/T_ML_Rubber_Blue_01_N.uasset" 302
"../../../../../../UnrealProjects/VoiceTest/Content/FirstPerson/FPWeapon/Materials/MaterialLayers/ML_GlossyBlack_Latex_UE4.uasset" 303
"../../../../../../UnrealProjects/VoiceTest/Content/FirstPerson/FPWeapon/Materials/MaterialLayers/ML_Plastic_Shiny_Beige.uasset" 304
"../../../../../../UnrealProjects/VoiceTest/Content/FirstPerson/FPWeapon/Materials/MaterialLayers/ML_Screen.uasset" 305
"../../../../../../UnrealProjects/VoiceTest/Content/FirstPerson/FPWeapon/Materials/MaterialLayers/T_ML_Aluminum01.uasset" 306
"../../../../../../UnrealProjects/VoiceTest/Content/FirstPerson/FPWeapon/Materials/MaterialLayers/T_ML_Aluminum01_N.uasset" 307
"../../../../../../UnrealProjects/VoiceTest/Content/FirstPerson/FPWeapon/Materials/MaterialLayers/ML_SoftMetal_UE4.uasset" 308
"../../../../../../UnrealProjects/VoiceTest/Content/FirstPerson/FPWeapon/Textures/T_FPGun_M.uasset" 309
"../../../../../../UnrealProjects/VoiceTest/Content/FirstPerson/FPWeapon/Textures/T_FPGun_N.uasset" 310
"../../../../../../UnrealProjects/VoiceTest/Content/FirstPerson/FPWeapon/Materials/M_FPGun.uasset" 311
"../../../../../../UnrealProjects/VoiceTest/Content/FirstPerson/FPWeapon/Mesh/SK_FPGun_Skeleton.uasset" 312
"../../../../../../UnrealProjects/VoiceTest/Content/FirstPerson/FPWeapon/Mesh/SK_FPGun.uasset" 313
"../../../../../../UnrealProjects/VoiceTest/Content/FirstPersonBP/Blueprints/VoipAttenuation.uasset" 314
"../../../../../../UnrealProjects/VoiceTest/Content/FirstPersonBP/Blueprints/FirstPersonCharacter.uasset" 315
"../../../../../../UnrealProjects/VoiceTest/Content/FirstPerson/Textures/FirstPersonCrosshair.uasset" 316
"../../../../../../UnrealProjects/VoiceTest/Content/FirstPersonBP/Blueprints/FirstPersonHUD.uasset" 317
"../../../../../../UnrealProjects/VoiceTest/Content/FirstPersonBP/Blueprints/FPSController.uasset" 318
"../../../../../../UnrealProjects/VoiceTest/Content/FirstPersonBP/Blueprints/FirstPersonGameMode.uasset" 319
"../../../../../../UnrealProjects/VoiceTest/Content/Blueprints/MyGameInstance.uasset" 320
"../../../Engine/Content/MapTemplates/Materials/BasicAsset03.uasset" 321
"../../../Engine/Content/BasicShapes/Cube.uasset" 322
"../../../../../../UnrealProjects/VoiceTest/Content/FirstPersonBP/Blueprints/LANJOINObject.uasset" 323
"../../../../../../UnrealProjects/VoiceTest/Content/FirstPersonBP/Blueprints/LevelMoveObject.uasset" 324
"../../../Engine/Content/Functions/Engine_MaterialFunctions03/Procedurals/ComputeFilterWidth.uasset" 325
"../../../Engine/Content/EngineMaterials/AntiAliasedTextMaterialTranslucent.uasset" 326
"../../../../../../UnrealProjects/VoiceTest/Content/FirstPerson/Meshes/CubeMaterialOverride.uasset" 327
"../../../../../../UnrealProjects/VoiceTest/Content/Geometry/Meshes/1M_Cube.uasset" 328
"../../../../../../UnrealProjects/VoiceTest/Content/FirstPersonBP/Maps/GameMap.umap" 329
"../../../../../../UnrealProjects/VoiceTest/Content/FirstPersonBP/Maps/GameMap2.umap" 330
"../../../../../../UnrealProjects/VoiceTest/Content/FirstPersonBP/Maps/GameMap3.umap" 331
"../../../../../../UnrealProjects/VoiceTest/Content/Blueprints/HostSessionMenu.uasset" 332
"../../../../../../UnrealProjects/VoiceTest/Content/Blueprints/SessionButton.uasset" 333
"../../../../../../UnrealProjects/VoiceTest/Content/Blueprints/JoinSessionMenu.uasset" 334
"../../../../../../UnrealProjects/VoiceTest/Content/Blueprints/MainMenu.uasset" 335
"../../../../../../UnrealProjects/VoiceTest/Content/FirstPersonBP/Maps/GameMenu.umap" 336
"../../../../../../UnrealProjects/VoiceTest/Content/FirstPersonBP/Maps/TranisitionMap.umap" 337
"../../../../../../UnrealProjects/VoiceTest/Content/StarterContent/Blueprints/Assets/FogBrightnessLUT.uasset" 338
"../../../../../../UnrealProjects/VoiceTest/Content/StarterContent/Blueprints/Assets/SunlightColorLUT.uasset" 339
"../../../../../../UnrealProjects/VoiceTest/Content/StarterContent/Blueprints/Assets/M_LightStage_Arrows.uasset" 340
"../../../Engine/Content/MapTemplates/Sky/DaylightAmbientCubemap.uasset" 341
"../../../../../../UnrealProjects/VoiceTest/Content/StarterContent/Blueprints/Assets/M_LightStage_Skybox_Master.uasset" 342
"../../../../../../UnrealProjects/VoiceTest/Content/StarterContent/Blueprints/Assets/M_LightStage_Skybox_Black.uasset" 343
"../../../../../../UnrealProjects/VoiceTest/Content/StarterContent/Blueprints/Assets/M_LightStage_Skybox_HDRI.uasset" 344
"../../../Engine/Content/EditorMaterials/Thumbnails/SkySphereMaterial.uasset" 345
"../../../../../../UnrealProjects/VoiceTest/Content/StarterContent/Blueprints/Assets/Skybox.uasset" 346
"../../../../../../UnrealProjects/VoiceTest/Content/StarterContent/Blueprints/Assets/SM_Arrows.uasset" 347
"../../../../../../UnrealProjects/VoiceTest/Content/StarterContent/HDRI/HDRI_Epic_Courtyard_Daylight.uasset" 348
"../../../../../../UnrealProjects/VoiceTest/Content/StarterContent/Blueprints/BP_LightStudio.uasset" 349
"../../../../../../UnrealProjects/VoiceTest/Content/StarterContent/Maps/Advanced_Lighting_BuiltData.uasset" 350
"../../../../../../UnrealProjects/VoiceTest/Content/StarterContent/Materials/M_AssetPlatform.uasset" 351
"../../../Engine/Content/EditorMeshes/ColorCalibrator/M_ChromeBall.uasset" 352
"../../../Engine/Content/EditorMeshes/ColorCalibrator/M_ClearCoat.uasset" 353
"../../../Engine/Content/EditorMeshes/ColorCalibrator/M_ClearCoatBlack.uasset" 354
"../../../Engine/Content/EditorMeshes/ColorCalibrator/Color_checker.uasset" 355
"../../../Engine/Content/EditorMeshes/ColorCalibrator/M_ColorGrid.uasset" 356
"../../../Engine/Content/EditorMeshes/ColorCalibrator/M_GreyBall.uasset" 357
"../../../Engine/Content/EditorMeshes/ColorCalibrator/SM_ColorCalibrator.uasset" 358
"../../../../../../UnrealProjects/VoiceTest/Content/StarterContent/Architecture/SM_AssetPlatform.uasset" 359
"../../../../../../UnrealProjects/VoiceTest/Content/StarterContent/Maps/Advanced_Lighting.umap" 360
"../../../../../../UnrealProjects/VoiceTest/Content/StarterContent/Maps/Minimal_Default_BuiltData.uasset" 361
"../../../../../../UnrealProjects/VoiceTest/Content/StarterContent/Textures/T_MacroVariation.uasset" 362
"../../../../../../UnrealProjects/VoiceTest/Content/StarterContent/Materials/M_Metal_Brushed_Nickel.uasset" 363
"../../../../../../UnrealProjects/VoiceTest/Content/StarterContent/Textures/T_Metal_Aluminum_D.uasset" 364
"../../../../../../UnrealProjects/VoiceTest/Content/StarterContent/Textures/T_Metal_Gold_N.uasset" 365
"../../../../../../UnrealProjects/VoiceTest/Content/StarterContent/Materials/M_Metal_Burnished_Steel.uasset" 366
"../../../../../../UnrealProjects/VoiceTest/Content/StarterContent/Textures/T_Metal_Copper_D.uasset" 367
"../../../../../../UnrealProjects/VoiceTest/Content/StarterContent/Materials/M_Metal_Copper.uasset" 368
"../../../../../../UnrealProjects/VoiceTest/Content/StarterContent/Textures/T_Statue_M.uasset" 369
"../../../../../../UnrealProjects/VoiceTest/Content/StarterContent/Textures/T_Statue_N.uasset" 370
"../../../../../../UnrealProjects/VoiceTest/Content/StarterContent/Props/Materials/M_StatueGlass.uasset" 371
"../../../../../../UnrealProjects/VoiceTest/Content/StarterContent/Architecture/Floor_400x400.uasset" 372
"../../../../../../UnrealProjects/VoiceTest/Content/StarterContent/Audio/Starter_Background_Cue.uasset" 373
"../../../../../../UnrealProjects/VoiceTest/Content/StarterContent/Props/SM_Chair.uasset" 374
"../../../../../../UnrealProjects/VoiceTest/Content/StarterContent/Props/Materials/M_Statue.uasset" 375
"../../../../../../UnrealProjects/VoiceTest/Content/StarterContent/Props/SM_Statue.uasset" 376
"../../../../../../UnrealProjects/VoiceTest/Content/StarterContent/Textures/T_TableRound_M.uasset" 377
"../../../../../../UnrealProjects/VoiceTest/Content/StarterContent/Textures/T_TableRound_N.uasset" 378
"../../../../../../UnrealProjects/VoiceTest/Content/StarterContent/Props/Materials/M_TableRound.uasset" 379
"../../../../../../UnrealProjects/VoiceTest/Content/StarterContent/Props/SM_TableRound.uasset" 380
"../../../../../../UnrealProjects/VoiceTest/Content/StarterContent/Maps/Minimal_Default.umap" 381
"../../../../../../UnrealProjects/VoiceTest/Content/StarterContent/Audio/Fire01_Cue.uasset" 382
"../../../../../../UnrealProjects/VoiceTest/Content/StarterContent/Textures/T_Fire_SubUV.uasset" 383
"../../../../../../UnrealProjects/VoiceTest/Content/StarterContent/Textures/T_Fire_Tiled_D.uasset" 384
"../../../../../../UnrealProjects/VoiceTest/Content/StarterContent/Particles/Materials/M_Fire_SubUV.uasset" 385
"../../../../../../UnrealProjects/VoiceTest/Content/StarterContent/Textures/T_Water_N.uasset" 386
"../../../../../../UnrealProjects/VoiceTest/Content/StarterContent/Particles/Materials/M_Heat_Distortion.uasset" 387
"../../../../../../UnrealProjects/VoiceTest/Content/StarterContent/Particles/Materials/M_Radial_Gradient.uasset" 388
"../../../../../../UnrealProjects/VoiceTest/Content/StarterContent/Particles/P_Fire.uasset" 389
"../../../../../../UnrealProjects/VoiceTest/Content/StarterContent/Blueprints/Blueprint_Effect_Fire.uasset" 390
"../../../../../../UnrealProjects/VoiceTest/Content/StarterContent/Audio/Smoke01_Cue.uasset" 391
"../../../../../../UnrealProjects/VoiceTest/Content/StarterContent/Particles/P_Smoke.uasset" 392
"../../../../../../UnrealProjects/VoiceTest/Content/StarterContent/Blueprints/Blueprint_Effect_Smoke.uasset" 393
"../../../../../../UnrealProjects/VoiceTest/Content/StarterContent/Audio/Fire_Sparks01_Cue.uasset" 394
"../../../../../../UnrealProjects/VoiceTest/Content/StarterContent/Textures/T_Spark_Core.uasset" 395
"../../../../../../UnrealProjects/VoiceTest/Content/StarterContent/Particles/Materials/M_Spark.uasset" 396
"../../../../../../UnrealProjects/VoiceTest/Content/StarterContent/Particles/P_Sparks.uasset" 397
"../../../../../../UnrealProjects/VoiceTest/Content/StarterContent/Blueprints/Blueprint_Effect_Sparks.uasset" 398
"../../../../../../UnrealProjects/VoiceTest/Content/StarterContent/Audio/Steam01_Cue.uasset" 399
"../../../../../../UnrealProjects/VoiceTest/Content/StarterContent/Particles/P_Steam_Lit.uasset" 400
"../../../../../../UnrealProjects/VoiceTest/Content/StarterContent/Blueprints/Blueprint_Effect_Steam.uasset" 401
"../../../../../../UnrealProjects/VoiceTest/Content/StarterContent/Textures/T_Lamp_M.uasset" 402
"../../../../../../UnrealProjects/VoiceTest/Content/StarterContent/Textures/T_Lamp_N.uasset" 403
"../../../../../../UnrealProjects/VoiceTest/Content/StarterContent/Props/Materials/M_Lamp.uasset" 404
"../../../../../../UnrealProjects/VoiceTest/Content/StarterContent/Props/SM_Lamp_Ceiling.uasset" 405
"../../../../../../UnrealProjects/VoiceTest/Content/StarterContent/Blueprints/Blueprint_CeilingLight.uasset" 406
"../../../../../../UnrealProjects/VoiceTest/Content/StarterContent/Props/SM_Lamp_Wall.uasset" 407
"../../../../../../UnrealProjects/VoiceTest/Content/StarterContent/Blueprints/Blueprint_WallSconce.uasset" 408
"../../../../../../UnrealProjects/VoiceTest/Content/StarterContent/Maps/StarterMap_BuiltData.uasset" 409
"../../../../../../UnrealProjects/VoiceTest/Content/StarterContent/Textures/T_Brick_Clay_Beveled_D.uasset" 410
"../../../../../../UnrealProjects/VoiceTest/Content/StarterContent/Textures/T_Brick_Clay_Beveled_M.uasset" 411
"../../../../../../UnrealProjects/VoiceTest/Content/StarterContent/Textures/T_Brick_Clay_Beveled_N.uasset" 412
"../../../../../../UnrealProjects/VoiceTest/Content/StarterContent/Materials/M_Brick_Clay_Beveled.uasset" 413
"../../../../../../UnrealProjects/VoiceTest/Content/StarterContent/Textures/T_Brick_Clay_New_D.uasset" 414
"../../../../../../UnrealProjects/VoiceTest/Content/StarterContent/Textures/T_Brick_Clay_New_M.uasset" 415
"../../../../../../UnrealProjects/VoiceTest/Content/StarterContent/Textures/T_Brick_Clay_New_N.uasset" 416
"../../../../../../UnrealProjects/VoiceTest/Content/StarterContent/Materials/M_Brick_Clay_New.uasset" 417
"../../../../../../UnrealProjects/VoiceTest/Content/StarterContent/Textures/T_Brick_Clay_Old_D.uasset" 418
"../../../../../../UnrealProjects/VoiceTest/Content/StarterContent/Textures/T_Brick_Clay_Old_N.uasset" 419
"../../../../../../UnrealProjects/VoiceTest/Content/StarterContent/Textures/T_Perlin_Noise_M.uasset" 420
"../../../../../../UnrealProjects/VoiceTest/Content/StarterContent/Materials/M_Brick_Clay_Old.uasset" 421
"../../../../../../UnrealProjects/VoiceTest/Content/StarterContent/Textures/T_Brick_Cut_Stone_D.uasset" 422
"../../../../../../UnrealProjects/VoiceTest/Content/StarterContent/Textures/T_Brick_Cut_Stone_N.uasset" 423
"../../../../../../UnrealProjects/VoiceTest/Content/StarterContent/Materials/M_Brick_Cut_Stone.uasset" 424
"../../../../../../UnrealProjects/VoiceTest/Content/StarterContent/Textures/T_Brick_Hewn_Stone_D.uasset" 425
"../../../../../../UnrealProjects/VoiceTest/Content/StarterContent/Textures/T_Brick_Hewn_Stone_M.uasset" 426
"../../../../../../UnrealProjects/VoiceTest/Content/StarterContent/Textures/T_Brick_Hewn_Stone_N.uasset" 427
"../../../../../../UnrealProjects/VoiceTest/Content/StarterContent/Materials/M_Brick_Hewn_Stone.uasset" 428
"../../../../../../UnrealProjects/VoiceTest/Content/StarterContent/Textures/T_Ceramic_Tile_M.uasset" 429
"../../../../../../UnrealProjects/VoiceTest/Content/StarterContent/Textures/T_Ceramic_Tile_N.uasset" 430
"../../../../../../UnrealProjects/VoiceTest/Content/StarterContent/Textures/T_Rock_Marble_Polished_D.uasset" 431
"../../../../../../UnrealProjects/VoiceTest/Content/StarterContent/Materials/M_Ceramic_Tile_Checker.uasset" 432
"../../../../../../UnrealProjects/VoiceTest/Content/StarterContent/Textures/T_CobbleStone_Pebble_D.uasset" 433
"../../../../../../UnrealProjects/VoiceTest/Content/StarterContent/Textures/T_CobbleStone_Pebble_M.uasset" 434
"../../../../../../UnrealProjects/VoiceTest/Content/StarterContent/Textures/T_CobbleStone_Pebble_N.uasset" 435
"../../../../../../UnrealProjects/VoiceTest/Content/StarterContent/Materials/M_CobbleStone_Pebble.uasset" 436
"../../../../../../UnrealProjects/VoiceTest/Content/StarterContent/Textures/T_CobbleStone_Rough_D.uasset" 437
"../../../../../../UnrealProjects/VoiceTest/Content/StarterContent/Textures/T_CobbleStone_Rough_N.uasset" 438
"../../../../../../UnrealProjects/VoiceTest/Content/StarterContent/Textures/T_Gradinet_01.uasset" 439
"../../../../../../UnrealProjects/VoiceTest/Content/StarterContent/Textures/T_Rock_Smooth_Granite_D.uasset" 440
"../../../../../../UnrealProjects/VoiceTest/Content/StarterContent/Materials/M_CobbleStone_Rough.uasset" 441
"../../../../../../UnrealProjects/VoiceTest/Content/StarterContent/Textures/T_CobbleStone_Smooth_D.uasset" 442
"../../../../../../UnrealProjects/VoiceTest/Content/StarterContent/Textures/T_CobbleStone_Smooth_M.uasset" 443
"../../../../../../UnrealProjects/VoiceTest/Content/StarterContent/Textures/T_CobbleStone_Smooth_N.uasset" 444
"../../../../../../UnrealProjects/VoiceTest/Content/StarterContent/Materials/M_CobbleStone_Smooth.uasset" 445
"../../../../../../UnrealProjects/VoiceTest/Content/StarterContent/Textures/T_Concrete_Grime_D.uasset" 446
"../../../../../../UnrealProjects/VoiceTest/Content/StarterContent/Textures/T_Metal_Rust_N.uasset" 447
"../../../../../../UnrealProjects/VoiceTest/Content/StarterContent/Materials/M_Concrete_Grime.uasset" 448
"../../../../../../UnrealProjects/VoiceTest/Content/StarterContent/Textures/T_Concrete_Panels_D.uasset" 449
"../../../../../../UnrealProjects/VoiceTest/Content/StarterContent/Textures/T_Concrete_Panels_N.uasset" 450
"../../../../../../UnrealProjects/VoiceTest/Content/StarterContent/Materials/M_Concrete_Panels.uasset" 451
"../../../../../../UnrealProjects/VoiceTest/Content/StarterContent/Textures/T_Concrete_Poured_D.uasset" 452
"../../../../../../UnrealProjects/VoiceTest/Content/StarterContent/Textures/T_Concrete_Poured_N.uasset" 453
"../../../../../../UnrealProjects/VoiceTest/Content/StarterContent/Materials/M_Concrete_Poured.uasset" 454
"../../../../../../UnrealProjects/VoiceTest/Content/StarterContent/Textures/T_Concrete_Tiles_D.uasset" 455
"../../../../../../UnrealProjects/VoiceTest/Content/StarterContent/Textures/T_Concrete_Tiles_M.uasset" 456
"../../../../../../UnrealProjects/VoiceTest/Content/StarterContent/Textures/T_Concrete_Tiles_N.uasset" 457
"../../../../../../UnrealProjects/VoiceTest/Content/StarterContent/Textures/T_Concrete_Tiles_Variation_M.uasset" 458
"../../../../../../UnrealProjects/VoiceTest/Content/StarterContent/Materials/M_Concrete_Tiles.uasset" 459
"../../../../../../UnrealProjects/VoiceTest/Content/StarterContent/Textures/T_Ground_Grass_D.uasset" 460
"../../../../../../UnrealProjects/VoiceTest/Content/StarterContent/Textures/T_Ground_Grass_N.uasset" 461
"../../../../../../UnrealProjects/VoiceTest/Content/StarterContent/Materials/M_Ground_Grass.uasset" 462
"../../../../../../UnrealProjects/VoiceTest/Content/StarterContent/Textures/T_Ground_Gravel_D.uasset" 463
"../../../../../../UnrealProjects/VoiceTest/Content/StarterContent/Textures/T_Ground_Gravel_N.uasset" 464
"../../../../../../UnrealProjects/VoiceTest/Content/StarterContent/Materials/M_Ground_Gravel.uasset" 465
"../../../../../../UnrealProjects/VoiceTest/Content/StarterContent/Textures/T_ground_Moss_D.uasset" 466
"../../../../../../UnrealProjects/VoiceTest/Content/StarterContent/Textures/T_Ground_Moss_N.uasset" 467
"../../../../../../UnrealProjects/VoiceTest/Content/StarterContent/Materials/M_Ground_Moss.uasset" 468
"../../../../../../UnrealProjects/VoiceTest/Content/StarterContent/Materials/M_Metal_Chrome.uasset" 469
"../../../../../../UnrealProjects/VoiceTest/Content/StarterContent/Textures/T_Metal_Gold_D.uasset" 470
"../../../../../../UnrealProjects/VoiceTest/Content/StarterContent/Materials/M_Metal_Gold.uasset" 471
"../../../../../../UnrealProjects/VoiceTest/Content/StarterContent/Textures/T_Metal_Rust_D.uasset" 472
"../../../../../../UnrealProjects/VoiceTest/Content/StarterContent/Materials/M_Metal_Rust.uasset" 473
"../../../../../../UnrealProjects/VoiceTest/Content/StarterContent/Textures/T_Metal_Steel_D.uasset" 474
"../../../../../../UnrealProjects/VoiceTest/Content/StarterContent/Textures/T_Metal_Steel_N.uasset" 475
"../../../../../../UnrealProjects/VoiceTest/Content/StarterContent/Materials/M_Metal_Steel.uasset" 476
"../../../../../../UnrealProjects/VoiceTest/Content/StarterContent/Textures/T_Rock_Basalt_N.uasset" 477
"../../../../../../UnrealProjects/VoiceTest/Content/StarterContent/Materials/M_Rock_Basalt.uasset" 478
"../../../../../../UnrealProjects/VoiceTest/Content/StarterContent/Materials/M_Rock_Marble_Polished.uasset" 479
"../../../../../../UnrealProjects/VoiceTest/Content/StarterContent/Textures/T_Rock_Sandstone_D.uasset" 480
"../../../../../../UnrealProjects/VoiceTest/Content/StarterContent/Textures/T_Rock_Sandstone_N.uasset" 481
"../../../../../../UnrealProjects/VoiceTest/Content/StarterContent/Materials/M_Rock_Sandstone.uasset" 482
"../../../../../../UnrealProjects/VoiceTest/Content/StarterContent/Textures/T_Rock_Slate_D.uasset" 483
"../../../../../../UnrealProjects/VoiceTest/Content/StarterContent/Textures/T_Rock_Slate_N.uasset" 484
"../../../../../../UnrealProjects/VoiceTest/Content/StarterContent/Materials/M_Rock_Slate.uasset" 485
"../../../../../../UnrealProjects/VoiceTest/Content/StarterContent/Textures/T_Checker_Noise_M.uasset" 486
"../../../../../../UnrealProjects/VoiceTest/Content/StarterContent/Textures/T_Single_Tile_N.uasset" 487
"../../../../../../UnrealProjects/VoiceTest/Content/StarterContent/Textures/T_Tech_Dot_M.uasset" 488
"../../../../../../UnrealProjects/VoiceTest/Content/StarterContent/Textures/T_Tech_Dot_N.uasset" 489
"../../../../../../UnrealProjects/VoiceTest/Content/StarterContent/Materials/M_Tech_Checker_Dot.uasset" 490
"../../../../../../UnrealProjects/VoiceTest/Content/StarterContent/Textures/T_Tech_Hex_Tile_M.uasset" 491
"../../../../../../UnrealProjects/VoiceTest/Content/StarterContent/Textures/T_Tech_Hex_Tile_N.uasset" 492
"../../../../../../UnrealProjects/VoiceTest/Content/StarterContent/Materials/M_Tech_Hex_Tile.uasset" 493
"../../../../../../UnrealProjects/VoiceTest/Content/StarterContent/Materials/M_Tech_Hex_Tile_Pulse.uasset" 494
"../../../../../../UnrealProjects/VoiceTest/Content/StarterContent/Textures/T_Tech_Panel_M.uasset" 495
"../../../../../../UnrealProjects/VoiceTest/Content/StarterContent/Textures/T_Tech_Panel_N.uasset" 496
"../../../../../../UnrealProjects/VoiceTest/Content/StarterContent/Materials/M_Tech_Panel.uasset" 497
"../../../../../../UnrealProjects/VoiceTest/Content/StarterContent/Materials/M_Water_Lake.uasset" 498
"../../../../../../UnrealProjects/VoiceTest/Content/StarterContent/Textures/T_Water_M.uasset" 499
"../../../../../../UnrealProjects/VoiceTest/Content/StarterContent/Materials/M_Water_Ocean.uasset" 500
"../../../../../../UnrealProjects/VoiceTest/Content/StarterContent/Textures/T_Wood_Floor_Walnut_D.uasset" 501
"../../../../../../UnrealProjects/VoiceTest/Content/StarterContent/Textures/T_Wood_Floor_Walnut_M.uasset" 502
"../../../../../../UnrealProjects/VoiceTest/Content/StarterContent/Textures/T_Wood_Floor_Walnut_N.uasset" 503
"../../../../../../UnrealProjects/VoiceTest/Content/StarterContent/Materials/M_Wood_Floor_Walnut_Polished.uasset" 504
"../../../Engine/Content/Functions/Engine_MaterialFunctions01/Opacity/AlphaOffset.uasset" 505
"../../../../../../UnrealProjects/VoiceTest/Content/StarterContent/Materials/M_Wood_Floor_Walnut_Worn.uasset" 506
"../../../../../../UnrealProjects/VoiceTest/Content/StarterContent/Textures/T_Wood_Oak_D.uasset" 507
"../../../../../../UnrealProjects/VoiceTest/Content/StarterContent/Textures/T_Wood_Oak_N.uasset" 508
"../../../../../../UnrealProjects/VoiceTest/Content/StarterContent/Materials/M_Wood_Oak.uasset" 509
"../../../../../../UnrealProjects/VoiceTest/Content/StarterContent/Textures/T_Wood_Pine_D.uasset" 510
"../../../../../../UnrealProjects/VoiceTest/Content/StarterContent/Textures/T_Wood_Pine_N.uasset" 511
"../../../../../../UnrealProjects/VoiceTest/Content/StarterContent/Materials/M_Wood_Pine.uasset" 512
"../../../../../../UnrealProjects/VoiceTest/Content/StarterContent/Textures/T_Wood_Walnut_D.uasset" 513
"../../../../../../UnrealProjects/VoiceTest/Content/StarterContent/Textures/T_Wood_Walnut_N.uasset" 514
"../../../../../../UnrealProjects/VoiceTest/Content/StarterContent/Materials/M_Wood_Walnut.uasset" 515
"../../../../../../UnrealProjects/VoiceTest/Content/StarterContent/Architecture/Wall_400x200.uasset" 516
"../../../../../../UnrealProjects/VoiceTest/Content/StarterContent/Architecture/Wall_Door_400x300.uasset" 517
"../../../../../../UnrealProjects/VoiceTest/Content/StarterContent/Architecture/Wall_Window_400x300.uasset" 518
"../../../../../../UnrealProjects/VoiceTest/Content/StarterContent/Audio/Collapse_Cue.uasset" 519
"../../../../../../UnrealProjects/VoiceTest/Content/StarterContent/Audio/Starter_Music_Cue.uasset" 520
"../../../../../../UnrealProjects/VoiceTest/Content/StarterContent/Textures/T_Dust_Particle_D.uasset" 521
"../../../../../../UnrealProjects/VoiceTest/Content/StarterContent/Particles/Materials/M_Dust_Particle.uasset" 522
"../../../../../../UnrealProjects/VoiceTest/Content/StarterContent/Particles/P_Ambient_Dust.uasset" 523
"../../../../../../UnrealProjects/VoiceTest/Content/StarterContent/Props/MaterialSphere.uasset" 524
"../../../../../../UnrealProjects/VoiceTest/Content/StarterContent/Textures/T_Frame_M.uasset" 525
"../../../../../../UnrealProjects/VoiceTest/Content/StarterContent/Textures/T_Frame_N.uasset" 526
"../../../../../../UnrealProjects/VoiceTest/Content/StarterContent/Props/Materials/M_Frame.uasset" 527
"../../../../../../UnrealProjects/VoiceTest/Content/StarterContent/Props/SM_CornerFrame.uasset" 528
"../../../../../../UnrealProjects/VoiceTest/Content/StarterContent/Props/SM_DoorFrame.uasset" 529
"../../../../../../UnrealProjects/VoiceTest/Content/StarterContent/Props/SM_GlassWindow.uasset" 530
"../../../../../../UnrealProjects/VoiceTest/Content/StarterContent/Props/SM_PillarFrame.uasset" 531
"../../../../../../UnrealProjects/VoiceTest/Content/StarterContent/Props/SM_PillarFrame300.uasset" 532
"../../../../../../UnrealProjects/VoiceTest/Content/StarterContent/Props/SM_WindowFrame.uasset" 533
"../../../../../../UnrealProjects/VoiceTest/Content/StarterContent/Shapes/Shape_Cube.uasset" 534
"../../../../../../UnrealProjects/VoiceTest/Content/StarterContent/Shapes/Shape_QuadPyramid.uasset" 535
"../../../../../../UnrealProjects/VoiceTest/Content/StarterContent/Shapes/Shape_Sphere.uasset" 536
"../../../../../../UnrealProjects/VoiceTest/Content/StarterContent/Maps/StarterMap.umap" 537
"../../../Engine/Content/Maps/Entry_BuiltData.uasset" 538
"../../../Engine/Content/Maps/Entry.umap" 539
